<?xml version="1.0" encoding="UTF-8"?>
<!-- Generated by org.testng.reporters.JUnitReportReporter -->
<testsuite hostname="IN-PG02P63S" failures="0" tests="3" name="com.AssignmentSelenium.tests.LoginTest" time="8.729" errors="0" timestamp="04 Mar 2022 03:35:18 GMT" skipped="0">
  <testcase classname="com.AssignmentSelenium.tests.LoginTest" name="openBrowser" time="3.308"/>
  <testcase classname="com.AssignmentSelenium.tests.LoginTest" name="login" time="3.611"/>
  <testcase classname="com.AssignmentSelenium.tests.LoginTest" name="initializeWebdriver" time="1.810"/>
</testsuite> <!-- com.AssignmentSelenium.tests.LoginTest -->
