<?xml version="1.0" encoding="UTF-8"?>
<!-- Generated by org.testng.reporters.JUnitReportReporter -->
<testsuite hostname="IN-PG02P63S" failures="0" tests="1" name="com.AssignmentSelenium.tests.ChangeCountryTest" time="8.434" errors="0" timestamp="07 Mar 2022 05:46:36 GMT" skipped="0">
  <testcase classname="com.AssignmentSelenium.tests.ChangeCountryTest" name="ChangeCountry" time="8.434"/>
</testsuite> <!-- com.AssignmentSelenium.tests.ChangeCountryTest -->
