<?xml version="1.0" encoding="UTF-8"?>
<!-- Generated by org.testng.reporters.JUnitReportReporter -->
<testsuite hostname="IN-PG02P63S" failures="0" tests="1" name="com.AssignmentSelenium.tests.NewReleasesTest" time="7.669" errors="0" timestamp="07 Mar 2022 05:47:53 GMT" skipped="0">
  <testcase classname="com.AssignmentSelenium.tests.NewReleasesTest" name="NewReleases" time="7.669"/>
</testsuite> <!-- com.AssignmentSelenium.tests.NewReleasesTest -->
