<?xml version="1.0" encoding="UTF-8"?>
<!-- Generated by org.testng.reporters.JUnitReportReporter -->
<testsuite hostname="IN-PG02P63S" failures="0" tests="3" name="com.AssignmentSelenium.tests.SearchTheProductTest" time="13.294" errors="0" timestamp="05 Mar 2022 09:29:20 GMT" skipped="0">
  <testcase classname="com.AssignmentSelenium.tests.SearchTheProductTest" name="openBrowser" time="1.436"/>
  <testcase classname="com.AssignmentSelenium.tests.SearchTheProductTest" name="productSearch" time="10.207"/>
  <testcase classname="com.AssignmentSelenium.tests.SearchTheProductTest" name="initializeWebdriver" time="1.651"/>
</testsuite> <!-- com.AssignmentSelenium.tests.SearchTheProductTest -->
