<?xml version="1.0" encoding="UTF-8"?>
<!-- Generated by org.testng.reporters.JUnitReportReporter -->
<testsuite hostname="IN-PG02P63S" failures="0" tests="2" name="com.AssignmentSelenium.tests.LoginTest" time="8.582" errors="0" timestamp="2022-03-07T20:25:08 IST" skipped="0">
  <testcase classname="com.AssignmentSelenium.tests.LoginTest" name="validLogin" time="5.812"/>
  <system-out/>
  <testcase classname="com.AssignmentSelenium.tests.LoginTest" name="inValidLogin" time="2.770"/>
  <system-out/>
</testsuite> <!-- com.AssignmentSelenium.tests.LoginTest -->
