<?xml version="1.0" encoding="UTF-8"?>
<!-- Generated by org.testng.reporters.JUnitReportReporter -->
<testsuite hostname="IN-PG02P63S" failures="0" tests="1" name="com.AssignmentSelenium.tests.SearchMenShoesTest" time="12.715" errors="0" timestamp="07 Mar 2022 05:50:07 GMT" skipped="0">
  <testcase classname="com.AssignmentSelenium.tests.SearchMenShoesTest" name="menShoesSearch" time="12.715"/>
</testsuite> <!-- com.AssignmentSelenium.tests.SearchMenShoesTest -->
