<?xml version="1.0" encoding="UTF-8"?>
<!-- Generated by org.testng.reporters.JUnitReportReporter -->
<testsuite hostname="IN-PG02P63S" failures="0" tests="1" name="com.AssignmentSelenium.tests.SearchMobileTest" time="11.889" errors="0" timestamp="2022-03-07T20:25:08 IST" skipped="0">
  <testcase classname="com.AssignmentSelenium.tests.SearchMobileTest" name="mobileSearch" time="11.889"/>
  <system-out/>
</testsuite> <!-- com.AssignmentSelenium.tests.SearchMobileTest -->
