<?xml version="1.0" encoding="UTF-8"?>
<!-- Generated by org.testng.reporters.JUnitReportReporter -->
<testsuite hostname="IN-PG02P63S" failures="0" tests="3" name="com.AssignmentSelenium.tests.RegisterTest" time="5.738" errors="0" timestamp="04 Mar 2022 12:49:29 GMT" skipped="0">
  <testcase classname="com.AssignmentSelenium.tests.RegisterTest" name="register" time="2.013"/>
  <testcase classname="com.AssignmentSelenium.tests.RegisterTest" name="openBrowser" time="2.012"/>
  <testcase classname="com.AssignmentSelenium.tests.RegisterTest" name="initializeWebdriver" time="1.713"/>
</testsuite> <!-- com.AssignmentSelenium.tests.RegisterTest -->
