<?xml version="1.0" encoding="UTF-8"?>
<!-- Generated by org.testng.reporters.JUnitReportReporter -->
<testsuite hostname="IN-PG02P63S" failures="0" tests="2" name="com.AssignmentSelenium.tests.LoginTest" time="9.955" errors="0" timestamp="07 Mar 2022 05:53:05 GMT" skipped="0">
  <testcase classname="com.AssignmentSelenium.tests.LoginTest" name="validLogin" time="6.198"/>
  <testcase classname="com.AssignmentSelenium.tests.LoginTest" name="inValidLogin" time="3.757"/>
</testsuite> <!-- com.AssignmentSelenium.tests.LoginTest -->
