<?xml version="1.0" encoding="UTF-8"?>
<!-- Generated by org.testng.reporters.JUnitReportReporter -->
<testsuite hostname="IN-PG02P63S" failures="0" tests="3" name="com.AssignmentSelenium.tests.LoginTest" time="5.823" errors="0" timestamp="03 Mar 2022 14:11:36 GMT" skipped="0">
  <testcase classname="com.AssignmentSelenium.tests.LoginTest" name="initializeWebdriver" time="1.546"/>
  <testcase classname="com.AssignmentSelenium.tests.LoginTest" name="openBrowser" time="1.911"/>
  <testcase classname="com.AssignmentSelenium.tests.LoginTest" name="login" time="2.366"/>
</testsuite> <!-- com.AssignmentSelenium.tests.LoginTest -->
