<?xml version="1.0" encoding="UTF-8"?>
<!-- Generated by org.testng.reporters.JUnitReportReporter -->
<testsuite hostname="IN-PG02P63S" failures="0" tests="1" name="com.AssignmentSelenium.tests.FireTVTest" time="4.009" errors="0" timestamp="2022-03-07T20:29:09 IST" skipped="0">
  <testcase classname="com.AssignmentSelenium.tests.FireTVTest" name="FireTV" time="4.009"/>
  <system-out/>
</testsuite> <!-- com.AssignmentSelenium.tests.FireTVTest -->
