<?xml version="1.0" encoding="UTF-8"?>
<!-- Generated by org.testng.reporters.JUnitReportReporter -->
<testsuite hostname="IN-PG02P63S" failures="0" tests="1" name="com.AssignmentSelenium.tests.PrimeVideoLoginTest" time="34.969" errors="0" timestamp="07 Mar 2022 04:20:01 GMT" skipped="0">
  <testcase classname="com.AssignmentSelenium.tests.PrimeVideoLoginTest" name="Primelogin" time="34.969"/>
</testsuite> <!-- com.AssignmentSelenium.tests.PrimeVideoLoginTest -->
