<?xml version="1.0" encoding="UTF-8"?>
<!-- Generated by org.testng.reporters.JUnitReportReporter -->
<testsuite hostname="IN-PG02P63S" failures="0" tests="1" name="com.AssignmentSelenium.tests.BestSellerTest" time="5.597" errors="0" timestamp="07 Mar 2022 05:44:16 GMT" skipped="0">
  <testcase classname="com.AssignmentSelenium.tests.BestSellerTest" name="BestSeller" time="5.597"/>
</testsuite> <!-- com.AssignmentSelenium.tests.BestSellerTest -->
