<?xml version="1.0" encoding="UTF-8"?>
<!-- Generated by org.testng.reporters.JUnitReportReporter -->
<testsuite hostname="IN-PG02P63S" failures="0" tests="3" name="com.AssignmentSelenium.tests.PrimeVideoLoginTest" time="15.414" errors="0" timestamp="04 Mar 2022 16:45:42 GMT" skipped="0">
  <testcase classname="com.AssignmentSelenium.tests.PrimeVideoLoginTest" name="Primelogin" time="11.994"/>
  <testcase classname="com.AssignmentSelenium.tests.PrimeVideoLoginTest" name="openBrowser" time="1.815"/>
  <testcase classname="com.AssignmentSelenium.tests.PrimeVideoLoginTest" name="initializeWebdriver" time="1.605"/>
</testsuite> <!-- com.AssignmentSelenium.tests.PrimeVideoLoginTest -->
