<?xml version="1.0" encoding="UTF-8"?>
<!-- Generated by org.testng.reporters.JUnitReportReporter -->
<testsuite hostname="IN-PG02P63S" failures="0" tests="3" name="com.AssignmentSelenium.tests.SearchMobileTest" time="10.198" errors="0" timestamp="05 Mar 2022 08:28:11 GMT" skipped="0">
  <testcase classname="com.AssignmentSelenium.tests.SearchMobileTest" name="openBrowser" time="1.475"/>
  <testcase classname="com.AssignmentSelenium.tests.SearchMobileTest" name="productSearch" time="6.838"/>
  <testcase classname="com.AssignmentSelenium.tests.SearchMobileTest" name="initializeWebdriver" time="1.885"/>
</testsuite> <!-- com.AssignmentSelenium.tests.SearchMobileTest -->
