<?xml version="1.0" encoding="UTF-8"?>
<!-- Generated by org.testng.reporters.JUnitReportReporter -->
<testsuite hostname="IN-PG02P63S" failures="0" tests="3" name="com.AssignmentSelenium.tests.RegisterTest" time="6.023" errors="0" timestamp="03 Mar 2022 14:12:32 GMT" skipped="0">
  <testcase classname="com.AssignmentSelenium.tests.RegisterTest" name="register" time="2.633"/>
  <testcase classname="com.AssignmentSelenium.tests.RegisterTest" name="initializeWebdriver" time="1.465"/>
  <testcase classname="com.AssignmentSelenium.tests.RegisterTest" name="openBrowser" time="1.925"/>
</testsuite> <!-- com.AssignmentSelenium.tests.RegisterTest -->
