<?xml version="1.0" encoding="UTF-8"?>
<!-- Generated by org.testng.reporters.JUnitReportReporter -->
<testsuite hostname="IN-PG02P63S" failures="0" tests="1" name="com.AssignmentSelenium.tests.BooksTest" time="8.098" errors="0" timestamp="07 Mar 2022 05:45:49 GMT" skipped="0">
  <testcase classname="com.AssignmentSelenium.tests.BooksTest" name="Books" time="8.098"/>
</testsuite> <!-- com.AssignmentSelenium.tests.BooksTest -->
