<?xml version="1.0" encoding="UTF-8"?>
<!-- Generated by org.testng.reporters.JUnitReportReporter -->
<testsuite hostname="IN-PG02P63S" failures="0" tests="1" name="com.AssignmentSelenium.tests.SearchMenShoesTest" time="15.115" errors="0" timestamp="2022-03-07T20:25:08 IST" skipped="0">
  <testcase classname="com.AssignmentSelenium.tests.SearchMenShoesTest" name="menShoesSearch" time="15.115"/>
  <system-out/>
</testsuite> <!-- com.AssignmentSelenium.tests.SearchMenShoesTest -->
