<?xml version="1.0" encoding="UTF-8"?>
<!-- Generated by org.testng.reporters.JUnitReportReporter -->
<testsuite hostname="IN-PG02P63S" failures="0" tests="2" name="com.AssignmentSelenium.tests.BaseTest" time="3.402" errors="0" timestamp="03 Mar 2022 18:09:52 GMT" skipped="0">
  <testcase classname="com.AssignmentSelenium.tests.BaseTest" name="openBrowser" time="1.914"/>
  <testcase classname="com.AssignmentSelenium.tests.BaseTest" name="initializeWebdriver" time="1.488"/>
</testsuite> <!-- com.AssignmentSelenium.tests.BaseTest -->
