<?xml version="1.0" encoding="UTF-8"?>
<!-- Generated by org.testng.reporters.JUnitReportReporter -->
<testsuite hostname="IN-PG02P63S" failures="0" tests="1" name="com.AssignmentSelenium.tests.FireTVTest" time="6.190" errors="0" timestamp="07 Mar 2022 05:43:11 GMT" skipped="0">
  <testcase classname="com.AssignmentSelenium.tests.FireTVTest" name="FireTV" time="6.190"/>
</testsuite> <!-- com.AssignmentSelenium.tests.FireTVTest -->
