<?xml version="1.0" encoding="UTF-8"?>
<!-- Generated by org.testng.reporters.JUnitReportReporter -->
<testsuite hostname="IN-PG02P63S" failures="0" tests="3" name="com.AssignmentSelenium.tests.SearchMenShoesTest" time="16.843" errors="0" timestamp="05 Mar 2022 11:40:28 GMT" skipped="0">
  <testcase classname="com.AssignmentSelenium.tests.SearchMenShoesTest" name="openBrowser" time="1.480"/>
  <testcase classname="com.AssignmentSelenium.tests.SearchMenShoesTest" name="productSearch" time="13.589"/>
  <testcase classname="com.AssignmentSelenium.tests.SearchMenShoesTest" name="initializeWebdriver" time="1.774"/>
</testsuite> <!-- com.AssignmentSelenium.tests.SearchMenShoesTest -->
