<?xml version="1.0" encoding="UTF-8"?>
<!-- Generated by org.testng.reporters.JUnitReportReporter -->
<testsuite hostname="IN-PG02P63S" failures="0" tests="3" name="com.AssignmentSelenium.tests.SearchElectronicsTest" time="13.268" errors="0" timestamp="05 Mar 2022 09:45:46 GMT" skipped="0">
  <testcase classname="com.AssignmentSelenium.tests.SearchElectronicsTest" name="openBrowser" time="1.516"/>
  <testcase classname="com.AssignmentSelenium.tests.SearchElectronicsTest" name="ElectronicsSearch" time="10.111"/>
  <testcase classname="com.AssignmentSelenium.tests.SearchElectronicsTest" name="initializeWebdriver" time="1.641"/>
</testsuite> <!-- com.AssignmentSelenium.tests.SearchElectronicsTest -->
